<?xml version="1.0" encoding="UTF-8" ?>
<testsuite errors="0" failures="0" hostname="asus-PC" name="src.automatons.NFABuilderTest" tests="4" time="4.475" timestamp="2012-09-05T21:47:37">
  <properties>
[...]
</properties>
  <testcase classname="src.automatons.NFABuilderTest" name="testBuild" time="0.198" />
  <testcase classname="src.automatons.NFABuilderTest" name="testToDfa" time="0.015" />
  <testcase classname="src.automatons.NFABuilderTest" name="testSimulate" time="0.085" />
  <testcase classname="src.automatons.NFABuilderTest" name="testTime" time="2.902" />
  <system-out><![CDATA[build
to DFA
simulate
73381
406929
1540995
2428749
3263648
4295597
6292271
5197717
4614264
7395548
6400546
15332471
23139054
5415294
6303047
6487269
8884715
6861356
6823896
7189261
7651611
12245861
14799307
8674836
13558505
13299362
10899350
11168242
13472296
14391863
14816240
14927081
17618564
12041627
6515492
5631331
8502930
7255458
5037614
8392089
5166415
6731016
5355255
7999015
5664686
7781952
6646345
8744111
7086118
10629946
5977708
7702926
7760913
6349744
8031856
6648912
8379773
8502417
9035582
8529101
8658415
7360141
8988372
18621776
9206974
7807096
10069070
10836746
11151309
9632378
13077681
13075116
146144688
11400700
9028398
11424819
13922843
12805710
142695280
14526822
11715262
11430463
12019561
121013578
12377228
19101574
11955418
12199678
130808112
12493713
25703274
12549647
12757987
120856553
16129910
21142893
23846177
17484631
119644488
18088611
22287222
68249
2237857
267866
335601
430535
503402
595770
688650
807188
970883
1029383
1130474
1610272
1102251
949331
1003726
1071461
1191026
1256709
1329578
1368576
1316236
1249013
1303920
3455566
1467102
1490707
1539456
1596929
1652349
1413734
1189486
1213091
1245934
3243634
1376787
1390129
1436825
1460431
1489680
1339327
1347537
110449316
1492759
1483522
1479931
1510206
1542022
1565627
3819391
1621560
1625666
1734967
1707770
5721133
1532785
1552285
1582561
1622074
1640548
3192319
1769348
1746256
1818611
3372949
1855045
1875571
1892505
1906360
126435543
1972556
1987951
2115726
4074427
2074161
2177304
2135739
10335396
2189620
2206554
2235803
3752682
2314829
2323553
4034402
2391289
2432341
2440551
121232694
2632983
2678654
4099572
2540103
2583208
4078533
2720732
2649918
2785903
8623008
2735101
100578
161643
225273
970884
1918675
704044
255550
290957
330470
366904
404364
443363
480311
794359
2620155
1022199
1101224
1167934
1252091
766649
1004239
827715
938042
1358314
1330603
1015014
1030922
1061199
2717654
1161263
1185894
1245420
1264407
1114567
1013475
1045804
1076593
113431756
1148434
1155618
1195645
1213092
1250552
1390129
6401572
2084936
2151134
2351776
2113160
2133687
2172686
2892638
1491220
1514825
1536378
1616429
3107649
1668771
1663126
1680573
1707770
3156398
1777046
1807322
1833492
1859150
122748032
1924834
1943307
1977688
3548447
2032082
2046450
2082885
9602102
2153186
2164476
2192186
3953323
2270185
2345619
2311237
3721378
2352289
2387697
2488274
121876700
2447735
2493406
4064678
2579616
2656589
4039533
2640681
2681219
4134466
2853639
2972177
3071729
4766669
]]></system-out>
  <system-err><![CDATA[]]></system-err>
</testsuite>
